Step: step-credential-initializer-z5fnt:

{"level":"warn","ts":1565645217.2727811,"logger":"fallback-logger","caller":"logging/config.go:69","msg":"Fetch GitHub commit ID from kodata failed: \"ref: refs/heads/master\" is not a valid GitHub commit ID"}
{"level":"info","ts":1565645217.2734923,"logger":"fallback-logger","caller":"creds-init/main.go:40","msg":"Credentials initialized."}
Step: step-working-dir-initializer-2pgcs:

{"level":"warn","ts":1565645218.562485,"logger":"fallback-logger","caller":"logging/config.go:69","msg":"Fetch GitHub commit ID from kodata failed: open /var/run/ko/HEAD: no such file or directory"}
{"level":"info","ts":1565645218.56429,"logger":"fallback-logger","caller":"bash/main.go:65","msg":"Successfully executed command \"mkdir -p /workspace/source /workspace/source/charts/demo-cdf-sfo\""}
Step: step-place-tools:

Step: step-git-source-cb-kubecd-demo-cdf-sfo-master-9mc7l:

{"level":"warn","ts":1565645224.6132987,"logger":"fallback-logger","caller":"logging/config.go:69","msg":"Fetch GitHub commit ID from kodata failed: \"ref: refs/heads/master\" is not a valid GitHub commit ID"}
{"level":"info","ts":1565645225.9817455,"logger":"fallback-logger","caller":"git/git.go:102","msg":"Successfully cloned https://github.com/cb-kubecd/demo-cdf-sfo.git @ v0.0.1 in path /workspace/source"}
Step: step-git-merge:

Using SHAs from PULL_REFS=master:876aee20ecf37a3714d96c789ab25d1fd7ff5b47
WARNING: no SHAs to merge, falling back to initial cloned commit
Step: step-setup-**-git-credentials:

Generated Git credentials file /workspace/xdg_config/git/credentials
Step: step-build-make-build:

CGO_ENABLED=0 GO15VENDOREXPERIMENT=1 go build -ldflags '' -o bin/demo-cdf-sfo main.go
Step: step-build-container-build:

[36mINFO[0m[0000] No base image, nothing to extract            
[36mINFO[0m[0000] cmd: EXPOSE                                  
[36mINFO[0m[0000] Adding exposed port: 8080/tcp                
[36mINFO[0m[0000] Using files from context: [/workspace/source/bin] 
[36mINFO[0m[0000] Skipping unpacking as no commands require it. 
[36mINFO[0m[0000] Taking snapshot of full filesystem...        
[36mINFO[0m[0000] EXPOSE 8080                                  
[36mINFO[0m[0000] cmd: EXPOSE                                  
[36mINFO[0m[0000] Adding exposed port: 8080/tcp                
[36mINFO[0m[0000] No files changed in this command, skipping snapshotting. 
[36mINFO[0m[0000] ENTRYPOINT ["/demo-cdf-sfo"]                 
[36mINFO[0m[0000] No files changed in this command, skipping snapshotting. 
[36mINFO[0m[0000] Using files from context: [/workspace/source/bin] 
[36mINFO[0m[0000] COPY ./bin/ /                                
[36mINFO[0m[0000] Taking snapshot of files...                  
2019/08/12 21:27:19 pushed blob: sha256:882a8ee602a3b62e2c450df7697913fb84cca587ed704139d4df114b7149a541
2019/08/12 21:27:20 pushed blob: sha256:a238e2f1e0536e0ca1280cb84d82bb523607f8172a09719ba4b4f4ad1d9233c4
2019/08/12 21:27:22 gcr.io/jenkinsx-dev/demo-cdf-sfo:0.0.1: digest: sha256:3318a36c063f8e63533a9b87018a69b43cde01acd9df93141dad582f91e8cce6 size: 428
Step: step-build-post-build:

no CVE provider running in the current ** namespace so skip adding image to be analysed
Step: step-promote-changelog:

Converted /workspace/source/charts/demo-cdf-sfo to an unshallow repository
no previous commit version found so change diff unavailable
Step: step-promote-helm-release:

WARNING: No $CHART_REPOSITORY defined so using the default value of: http://jenkins-x-chartmuseum:8080
Adding missing Helm repo: storage.googleapis.com https://storage.googleapis.com/chartmuseum.jenkins-x.io
Successfully added Helm repository storage.googleapis.com.
Adding missing Helm repo: jenkins-x-chartmuseum http://jenkins-x-chartmuseum:8080
Successfully added Helm repository jenkins-x-chartmuseum.
WARNING: No $CHART_REPOSITORY defined so using the default value of: http://jenkins-x-chartmuseum:8080
Uploading chart file demo-cdf-sfo-0.0.1.tgz to http://jenkins-x-chartmuseum:8080/api/charts
Received 201 response: {"saved":true}
Step: step-promote-**-promote:

WARNING: prow based install so skip waiting for the merge of Pull Requests to go green as currently there is an issue with gettingstatuses from the PR, see https://github.com/jenkins-x/**/issues/2410
Promoting app demo-cdf-sfo version 0.0.1 to namespace **-staging
Created Pull Request: https://github.com/cb-kubecd/environment-jrawlings-int-10-staging/pull/3
Added label  to Pull Request https://github.com/cb-kubecd/environment-jrawlings-int-10-staging/pull/3
Pull Request https://github.com/cb-kubecd/environment-jrawlings-int-10-staging/pull/3 is merged at sha c7ae4cfb85e1d50dc375ee69815f85ffaccd3896
Pull Request merged but we are not waiting for the update pipeline to complete!
WARNING: Could not find the service URL in namespace **-staging for names demo-cdf-sfo, **-demo-cdf-sfo, **-staging-demo-cdf-sfo
